<?xml version="1.0" encoding="UTF-8" ?>
<testsuite tests="5" failures="0" name="CalculatorTest" time="0.011" errors="0" skipped="0">
  <properties>
[...]
</properties>
  <testcase classname="CalculatorTest" name="testDivide" time="0.009"/>
  <testcase classname="CalculatorTest" name="testSubtract" time="0"/>
  <testcase classname="CalculatorTest" name="testDivideByZero" time="0"/>
  <testcase classname="CalculatorTest" name="testAdd" time="0"/>
  <testcase classname="CalculatorTest" name="testAddWithZero" time="0.002"/>
</testsuite>